<?xml version="1.0" encoding="UTF-8"?>
<!-- Generated by org.testng.reporters.JUnitReportReporter -->
<testsuite hostname="LAPTOP-9RN6IOSL" failures="0" tests="4" name="Org.PetStore.PetStore" time="5.669" errors="0" timestamp="18 Aug 2022 05:03:09 GMT" skipped="0">
  <testcase classname="Org.PetStore.PetStore" name="findpetstatus" time="1.379"/>
  <testcase classname="Org.PetStore.PetStore" name="findpetstatus" time="1.851"/>
  <testcase classname="Org.PetStore.PetStore" name="findpetstatus" time="1.227"/>
  <testcase classname="Org.PetStore.PetStore" name="put" time="1.212"/>
</testsuite> <!-- Org.PetStore.PetStore -->
